# JRE version: Java(TM) SE Runtime Environment (8.0_281-b09) (build 1.8.0_281-b09)
# Java VM: Java HotSpot(TM) 64-Bit Server VM (25.281-b09 mixed mode windows-amd64 compressed oops)
Heap:
 PSYoungGen      total 596992K, used 127309K [0x00000000d5580000, 0x00000000ffd00000, 0x0000000100000000)
  eden space 498176K, 25% used [0x00000000d5580000,0x00000000dd1d3710,0x00000000f3c00000)
  from space 98816K, 0% used [0x00000000f3c00000,0x00000000f3c00000,0x00000000f9c80000)
  to   space 97280K, 0% used [0x00000000f9e00000,0x00000000f9e00000,0x00000000ffd00000)
 ParOldGen       total 284672K, used 134784K [0x0000000080000000, 0x0000000091600000, 0x00000000d5580000)
  object space 284672K, 47% used [0x0000000080000000,0x00000000883a0330,0x0000000091600000)
 Metaspace       used 245661K, capacity 256718K, committed 262400K, reserved 1275904K
  class space    used 32589K, capacity 34676K, committed 35584K, reserved 1048576K
GC Heap History (10 events):
Event: 2551.305 GC heap before
{Heap before GC invocations=43 (full 5):
 PSYoungGen      total 592384K, used 491217K [0x00000000d5580000, 0x0000000100000000, 0x0000000100000000)
  eden space 485888K, 100% used [0x00000000d5580000,0x00000000f3000000,0x00000000f3000000)
  from space 106496K, 5% used [0x00000000f3000000,0x00000000f3534488,0x00000000f9800000)
  to   space 105984K, 0% used [0x00000000f9880000,0x00000000f9880000,0x0000000100000000)
 ParOldGen       total 284672K, used 156098K [0x0000000080000000, 0x0000000091600000, 0x00000000d5580000)
  object space 284672K, 54% used [0x0000000080000000,0x0000000089870b50,0x0000000091600000)
 Metaspace       used 206046K, capacity 216572K, committed 216832K, reserved 1236992K
  class space    used 27606K, capacity 29580K, committed 29696K, reserved 1048576K
Event: 2551.365 GC heap after
Heap after GC invocations=43 (full 5):
 PSYoungGen      total 583680K, used 23177K [0x00000000d5580000, 0x00000000ff780000, 0x0000000100000000)
  eden space 486400K, 0% used [0x00000000d5580000,0x00000000d5580000,0x00000000f3080000)
  from space 97280K, 23% used [0x00000000f9880000,0x00000000faf22530,0x00000000ff780000)
  to   space 101888K, 0% used [0x00000000f3080000,0x00000000f3080000,0x00000000f9400000)
 ParOldGen       total 284672K, used 156567K [0x0000000080000000, 0x0000000091600000, 0x00000000d5580000)
  object space 284672K, 54% used [0x0000000080000000,0x00000000898e5e30,0x0000000091600000)
 Metaspace       used 206046K, capacity 216572K, committed 216832K, reserved 1236992K
  class space    used 27606K, capacity 29580K, committed 29696K, reserved 1048576K
}
Event: 2782.182 GC heap before
{Heap before GC invocations=44 (full 5):
 PSYoungGen      total 583680K, used 509577K [0x00000000d5580000, 0x00000000ff780000, 0x0000000100000000)
  eden space 486400K, 100% used [0x00000000d5580000,0x00000000f3080000,0x00000000f3080000)
  from space 97280K, 23% used [0x00000000f9880000,0x00000000faf22530,0x00000000ff780000)
  to   space 101888K, 0% used [0x00000000f3080000,0x00000000f3080000,0x00000000f9400000)
 ParOldGen       total 284672K, used 156567K [0x0000000080000000, 0x0000000091600000, 0x00000000d5580000)
  object space 284672K, 54% used [0x0000000080000000,0x00000000898e5e30,0x0000000091600000)
 Metaspace       used 214312K, capacity 225542K, committed 225664K, reserved 1245184K
  class space    used 28427K, capacity 30483K, committed 30592K, reserved 1048576K
Event: 2782.213 GC heap after
Heap after GC invocations=44 (full 5):
 PSYoungGen      total 588288K, used 15791K [0x00000000d5580000, 0x00000000ffe80000, 0x0000000100000000)
  eden space 486400K, 0% used [0x00000000d5580000,0x00000000d5580000,0x00000000f3080000)
  from space 101888K, 15% used [0x00000000f3080000,0x00000000f3febd38,0x00000000f9400000)
  to   space 98816K, 0% used [0x00000000f9e00000,0x00000000f9e00000,0x00000000ffe80000)
 ParOldGen       total 284672K, used 162119K [0x0000000080000000, 0x0000000091600000, 0x00000000d5580000)
  object space 284672K, 56% used [0x0000000080000000,0x0000000089e51ca0,0x0000000091600000)
 Metaspace       used 214312K, capacity 225542K, committed 225664K, reserved 1245184K
  class space    used 28427K, capacity 30483K, committed 30592K, reserved 1048576K
}
Event: 2844.261 GC heap before
{Heap before GC invocations=45 (full 5):
 PSYoungGen      total 588288K, used 502191K [0x00000000d5580000, 0x00000000ffe80000, 0x0000000100000000)
  eden space 486400K, 100% used [0x00000000d5580000,0x00000000f3080000,0x00000000f3080000)
  from space 101888K, 15% used [0x00000000f3080000,0x00000000f3febd38,0x00000000f9400000)
  to   space 98816K, 0% used [0x00000000f9e00000,0x00000000f9e00000,0x00000000ffe80000)
 ParOldGen       total 284672K, used 162119K [0x0000000080000000, 0x0000000091600000, 0x00000000d5580000)
  object space 284672K, 56% used [0x0000000080000000,0x0000000089e51ca0,0x0000000091600000)
 Metaspace       used 243959K, capacity 256552K, committed 256896K, reserved 1271808K
  class space    used 32505K, capacity 34850K, committed 34944K, reserved 1048576K
Event: 2844.395 GC heap after
Heap after GC invocations=45 (full 5):
 PSYoungGen      total 595456K, used 52025K [0x00000000d5580000, 0x00000000ffd00000, 0x0000000100000000)
  eden space 498176K, 0% used [0x00000000d5580000,0x00000000d5580000,0x00000000f3c00000)
  from space 97280K, 53% used [0x00000000f9e00000,0x00000000fd0ce720,0x00000000ffd00000)
  to   space 98816K, 0% used [0x00000000f3c00000,0x00000000f3c00000,0x00000000f9c80000)
 ParOldGen       total 284672K, used 166868K [0x0000000080000000, 0x0000000091600000, 0x00000000d5580000)
  object space 284672K, 58% used [0x0000000080000000,0x000000008a2f5370,0x0000000091600000)
 Metaspace       used 243959K, capacity 256552K, committed 256896K, reserved 1271808K
  class space    used 32505K, capacity 34850K, committed 34944K, reserved 1048576K
}
Event: 2881.082 GC heap before
{Heap before GC invocations=46 (full 5):
 PSYoungGen      total 595456K, used 478958K [0x00000000d5580000, 0x00000000ffd00000, 0x0000000100000000)
  eden space 498176K, 85% used [0x00000000d5580000,0x00000000ef66d148,0x00000000f3c00000)
  from space 97280K, 53% used [0x00000000f9e00000,0x00000000fd0ce720,0x00000000ffd00000)
  to   space 98816K, 0% used [0x00000000f3c00000,0x00000000f3c00000,0x00000000f9c80000)
 ParOldGen       total 284672K, used 166868K [0x0000000080000000, 0x0000000091600000, 0x00000000d5580000)
  object space 284672K, 58% used [0x0000000080000000,0x000000008a2f5370,0x0000000091600000)
 Metaspace       used 249193K, capacity 262174K, committed 262400K, reserved 1275904K
  class space    used 33166K, capacity 35575K, committed 35584K, reserved 1048576K
Event: 2881.201 GC heap after
Heap after GC invocations=46 (full 5):
 PSYoungGen      total 596992K, used 52180K [0x00000000d5580000, 0x00000000ffd00000, 0x0000000100000000)
  eden space 498176K, 0% used [0x00000000d5580000,0x00000000d5580000,0x00000000f3c00000)
  from space 98816K, 52% used [0x00000000f3c00000,0x00000000f6ef5010,0x00000000f9c80000)
  to   space 97280K, 0% used [0x00000000f9e00000,0x00000000f9e00000,0x00000000ffd00000)
 ParOldGen       total 284672K, used 166876K [0x0000000080000000, 0x0000000091600000, 0x00000000d5580000)
  object space 284672K, 58% used [0x0000000080000000,0x000000008a2f7370,0x0000000091600000)
 Metaspace       used 249193K, capacity 262174K, committed 262400K, reserved 1275904K
  class space    used 33166K, capacity 35575K, committed 35584K, reserved 1048576K
}
Event: 2881.202 GC heap before
{Heap before GC invocations=47 (full 6):
 PSYoungGen      total 596992K, used 52180K [0x00000000d5580000, 0x00000000ffd00000, 0x0000000100000000)
  eden space 498176K, 0% used [0x00000000d5580000,0x00000000d5580000,0x00000000f3c00000)
  from space 98816K, 52% used [0x00000000f3c00000,0x00000000f6ef5010,0x00000000f9c80000)
  to   space 97280K, 0% used [0x00000000f9e00000,0x00000000f9e00000,0x00000000ffd00000)
 ParOldGen       total 284672K, used 166876K [0x0000000080000000, 0x0000000091600000, 0x00000000d5580000)
  object space 284672K, 58% used [0x0000000080000000,0x000000008a2f7370,0x0000000091600000)
 Metaspace       used 249193K, capacity 262174K, committed 262400K, reserved 1275904K
  class space    used 33166K, capacity 35575K, committed 35584K, reserved 1048576K
Event: 2883.261 GC heap after
Heap after GC invocations=47 (full 6):
 PSYoungGen      total 596992K, used 0K [0x00000000d5580000, 0x00000000ffd00000, 0x0000000100000000)
  eden space 498176K, 0% used [0x00000000d5580000,0x00000000d5580000,0x00000000f3c00000)
  from space 98816K, 0% used [0x00000000f3c00000,0x00000000f3c00000,0x00000000f9c80000)
  to   space 97280K, 0% used [0x00000000f9e00000,0x00000000f9e00000,0x00000000ffd00000)
 ParOldGen       total 284672K, used 134784K [0x0000000080000000, 0x0000000091600000, 0x00000000d5580000)
  object space 284672K, 47% used [0x0000000080000000,0x00000000883a0330,0x0000000091600000)
 Metaspace       used 245170K, capacity 256196K, committed 262400K, reserved 1275904K
  class space    used 32503K, capacity 34557K, committed 35584K, reserved 1048576K
}

